[2024-12-06 17:28:46] [CoinAutoTradeServer] Request : Type = 0 Id = Bithumm_pjhara Body = {}
[2024-12-06 17:28:46] [CoinAutoTradeServer] Response : Type = 0 Code = 0 Body = {"Key":"638691029263018797_XD0EYoX5kg5VjNur"}
[2024-12-06 17:28:46] [CoinAutoTradeServer] Request : Type = 1 Id = Bithumm_pjhara Body = +A5bphQPuhmzRuxD+BXufw==
[2024-12-06 17:28:46] [CoinAutoTradeServer] Response : Type = 1 Code = 0 Body = {}
[2024-12-06 17:28:48] [CoinAutoTradeServer] Request : Type = 1 Id = Bithumm_pjhara Body = +A5bphQPuhmzRuxD+BXufw==
[2024-12-06 17:28:48] [CoinAutoTradeServer] Response : Type = 1 Code = 0 Body = {}
[2024-12-06 17:29:27] [CoinAutoTradeServer] Request : Type = 4 Id = Bithumm_pjhara Body = qA+LTwIbxliKJVkIxjQVgbG/XU9+HeidprJW3udWEmhD6046dcMILvfbwUff4x/4c/SgI6oUpuzMRQ/zMZ/D7g1QjNTfYfKkFj5PE7JzCfk9jTgql7jIn+RmevkvnX5ZR4DlMBd/V+XJqDTWOPRAhrd43IqtQNuvvFMPI+ZQApEMyuRrEo6I3nOwWBJAnPP+Q4Fb3nTYdOykGjnku+igUl1NXn/+/9K9COpMiyAvD9bKKcsGWw9C1AKdcrJrRItK
[2024-12-06 17:29:27] [CoinAutoTradeServer] Response : Type = 4 Code = 0 Body = {}
[2024-12-06 17:29:27] [CoinAutoTradeServer] Request : Type = 1 Id = Bithumm_pjhara Body = +A5bphQPuhmzRuxD+BXufw==
[2024-12-06 17:29:27] [CoinAutoTradeServer] Response : Type = 1 Code = 0 Body = {}
[2024-12-06 17:29:41] [CoinAutoTradeServer] Request : Type = 1 Id = Bithumm_pjhara Body = +A5bphQPuhmzRuxD+BXufw==
[2024-12-06 17:29:41] [CoinAutoTradeServer] Response : Type = 1 Code = 0 Body = {}
[2024-12-06 17:29:41] [CoinAutoTradeServer] Request : Type = 2 Id = Bithumm_pjhara Body = +A5bphQPuhmzRuxD+BXufw==
[2024-12-06 17:29:41] [CoinAutoTradeServer] Response : Type = 2 Code = 0 Body = {"CoinTradeDataList":[{"Symbol":"XPLA","MarketCode":"KRW-XPLA","InvestTotalAmount":500000,"MaxLossRate":1,"InvestRoundAmount":50000,"InitBuyPrice":-1,"MaxSellPrice":-1,"RoundBuyRate":10,"RoundSellRate":8}]}
[2024-12-06 17:29:41] [CoinAutoTradeServer] Request : Type = 1 Id = Bithumm_pjhara Body = +A5bphQPuhmzRuxD+BXufw==
[2024-12-06 17:29:41] [CoinAutoTradeServer] Response : Type = 1 Code = 0 Body = {}
[2024-12-06 17:30:03] [CoinAutoTradeServer] Request : Type = 1 Id = Bithumm_pjhara Body = +A5bphQPuhmzRuxD+BXufw==
[2024-12-06 17:30:03] [CoinAutoTradeServer] Response : Type = 1 Code = 0 Body = {}
[2024-12-06 17:30:03] [CoinAutoTradeServer] Request : Type = 3 Id = Bithumm_pjhara Body = +A5bphQPuhmzRuxD+BXufw==
[2024-12-06 17:30:03] [CoinAutoTradeServer] Response : Type = 3 Code = 0 Body = {}
[2024-12-06 17:30:03] [CoinAutoTradeServer] Request : Type = 1 Id = Bithumm_pjhara Body = +A5bphQPuhmzRuxD+BXufw==
[2024-12-06 17:30:03] [CoinAutoTradeServer] Response : Type = 1 Code = 0 Body = {}
[2024-12-06 17:30:04] [CoinAutoTradeServer] Request : Type = 1 Id = Bithumm_pjhara Body = +A5bphQPuhmzRuxD+BXufw==
[2024-12-06 17:30:04] [CoinAutoTradeServer] Response : Type = 1 Code = 0 Body = {}
[2024-12-06 17:30:04] [CoinAutoTradeServer] Request : Type = 2 Id = Bithumm_pjhara Body = +A5bphQPuhmzRuxD+BXufw==
[2024-12-06 17:30:04] [CoinAutoTradeServer] Response : Type = 2 Code = 0 Body = {"CoinTradeDataList":[]}
[2024-12-06 17:30:04] [CoinAutoTradeServer] Request : Type = 1 Id = Bithumm_pjhara Body = +A5bphQPuhmzRuxD+BXufw==
[2024-12-06 17:30:04] [CoinAutoTradeServer] Response : Type = 1 Code = 0 Body = {}
[2024-12-06 17:30:15] [CoinAutoTradeServer] Request : Type = 1 Id = Bithumm_pjhara Body = +A5bphQPuhmzRuxD+BXufw==
[2024-12-06 17:30:15] [CoinAutoTradeServer] Response : Type = 1 Code = 0 Body = {}
[2024-12-06 17:30:15] [CoinAutoTradeServer] Request : Type = 2 Id = Bithumm_pjhara Body = +A5bphQPuhmzRuxD+BXufw==
[2024-12-06 17:30:15] [CoinAutoTradeServer] Response : Type = 2 Code = 0 Body = {"CoinTradeDataList":[]}
[2024-12-06 17:30:15] [CoinAutoTradeServer] Request : Type = 1 Id = Bithumm_pjhara Body = +A5bphQPuhmzRuxD+BXufw==
[2024-12-06 17:30:15] [CoinAutoTradeServer] Response : Type = 1 Code = 0 Body = {}
