[2024-12-06 18:22:00] [CoinAutoTradeServer] Request : Type = 0 Id = Bithumm_pjhara Body = {}
[2024-12-06 18:22:00] [CoinAutoTradeServer] Response : Type = 0 Code = 0 Body = {"Key":"638691061203694742_J4LXfehWQfZAi5uk"}
[2024-12-06 18:22:00] [CoinAutoTradeServer] Request : Type = 1 Id = Bithumm_pjhara Body = dKm7MfwWdRxhyDE45JzLBQ==
[2024-12-06 18:22:00] [CoinAutoTradeServer] Response : Type = 1 Code = 0 Body = {}
[2024-12-06 18:22:01] [CoinAutoTradeServer] Request : Type = 1 Id = Bithumm_pjhara Body = dKm7MfwWdRxhyDE45JzLBQ==
[2024-12-06 18:22:01] [CoinAutoTradeServer] Response : Type = 1 Code = 0 Body = {}
[2024-12-06 18:22:17] [CoinAutoTradeServer] Request : Type = 4 Id = Bithumm_pjhara Body = dqMA+8zQ71ajfWukl0zPL4KtUoP7oORNjrWI2IFrJNT2GlF6oeZ1n2sev36+qm2QBAcdzNl6QixQRw3vVfQ14eW6oQ5MoI2i4ZhRiXD4V04TXdL4fiiZBYpiGKZvR3dCLCnGVRboq3330en/gk6sC7KhZqJY39+T3+XJNGL2w9ToHDDTkgBDUESYJVgFFe/bWdQcT8wSLUAcgD2HdHYl1lpx4gKWDNimy2RlUr4d3M4WVX2UqdBPA6/O3dy3d4vsDfakjvoYw/EmSRuNwAQGKA==
[2024-12-06 18:22:17] [CoinAutoTradeServer] Response : Type = 4 Code = 0 Body = {}
[2024-12-06 18:22:17] [CoinAutoTradeServer] Request : Type = 1 Id = Bithumm_pjhara Body = dKm7MfwWdRxhyDE45JzLBQ==
[2024-12-06 18:22:17] [CoinAutoTradeServer] Response : Type = 1 Code = 0 Body = {}
[2024-12-06 18:22:20] [CoinAutoTradeServer] Request : Type = 1 Id = Bithumm_pjhara Body = dKm7MfwWdRxhyDE45JzLBQ==
[2024-12-06 18:22:20] [CoinAutoTradeServer] Response : Type = 1 Code = 0 Body = {}
[2024-12-06 18:22:20] [CoinAutoTradeServer] Request : Type = 2 Id = Bithumm_pjhara Body = dKm7MfwWdRxhyDE45JzLBQ==
[2024-12-06 18:22:20] [CoinAutoTradeServer] Response : Type = 2 Code = 0 Body = {"CoinTradeDataList":[{"Symbol":"xpla","MarketCode":"KRW-xpla","InvestTotalAmount":500000,"MaxLossRate":1,"InvestRoundAmount":50000,"InitBuyPrice":-1,"MaxSellPrice":-1,"RoundBuyRate":10,"RoundSellRate":8},{"Symbol":"XPLA","MarketCode":"KRW-XPLA","InvestTotalAmount":500000,"MaxLossRate":1,"InvestRoundAmount":50000,"InitBuyPrice":-1,"MaxSellPrice":-1,"RoundBuyRate":10,"RoundSellRate":8}]}
[2024-12-06 18:22:20] [CoinAutoTradeServer] Request : Type = 1 Id = Bithumm_pjhara Body = dKm7MfwWdRxhyDE45JzLBQ==
[2024-12-06 18:22:20] [CoinAutoTradeServer] Response : Type = 1 Code = 0 Body = {}
[2024-12-06 18:22:33] [CoinAutoTradeServer] Request : Type = 1 Id = Bithumm_pjhara Body = dKm7MfwWdRxhyDE45JzLBQ==
[2024-12-06 18:22:33] [CoinAutoTradeServer] Response : Type = 1 Code = 0 Body = {}
[2024-12-06 18:22:33] [CoinAutoTradeServer] Request : Type = 2 Id = Bithumm_pjhara Body = dKm7MfwWdRxhyDE45JzLBQ==
[2024-12-06 18:22:33] [CoinAutoTradeServer] Response : Type = 2 Code = 0 Body = {"CoinTradeDataList":[{"Symbol":"xpla","MarketCode":"KRW-xpla","InvestTotalAmount":500000,"MaxLossRate":1,"InvestRoundAmount":50000,"InitBuyPrice":-1,"MaxSellPrice":-1,"RoundBuyRate":10,"RoundSellRate":8},{"Symbol":"XPLA","MarketCode":"KRW-XPLA","InvestTotalAmount":500000,"MaxLossRate":1,"InvestRoundAmount":50000,"InitBuyPrice":-1,"MaxSellPrice":-1,"RoundBuyRate":10,"RoundSellRate":8}]}
[2024-12-06 18:22:33] [CoinAutoTradeServer] Request : Type = 1 Id = Bithumm_pjhara Body = dKm7MfwWdRxhyDE45JzLBQ==
[2024-12-06 18:22:33] [CoinAutoTradeServer] Response : Type = 1 Code = 0 Body = {}
[2024-12-06 18:22:51] [CoinAutoTradeServer] Request : Type = 1 Id = Bithumm_pjhara Body = dKm7MfwWdRxhyDE45JzLBQ==
[2024-12-06 18:22:51] [CoinAutoTradeServer] Response : Type = 1 Code = 0 Body = {}
[2024-12-06 18:22:51] [CoinAutoTradeServer] Request : Type = 3 Id = Bithumm_pjhara Body = dKm7MfwWdRxhyDE45JzLBQ==
[2024-12-06 18:22:51] [CoinAutoTradeServer] Response : Type = 3 Code = 0 Body = {}
[2024-12-06 18:22:51] [CoinAutoTradeServer] Request : Type = 1 Id = Bithumm_pjhara Body = dKm7MfwWdRxhyDE45JzLBQ==
[2024-12-06 18:22:51] [CoinAutoTradeServer] Response : Type = 1 Code = 0 Body = {}
[2024-12-06 18:22:53] [CoinAutoTradeServer] Request : Type = 1 Id = Bithumm_pjhara Body = dKm7MfwWdRxhyDE45JzLBQ==
[2024-12-06 18:22:53] [CoinAutoTradeServer] Response : Type = 1 Code = 0 Body = {}
[2024-12-06 18:22:53] [CoinAutoTradeServer] Request : Type = 2 Id = Bithumm_pjhara Body = dKm7MfwWdRxhyDE45JzLBQ==
[2024-12-06 18:22:53] [CoinAutoTradeServer] Response : Type = 2 Code = 0 Body = {"CoinTradeDataList":[]}
[2024-12-06 18:22:53] [CoinAutoTradeServer] Request : Type = 1 Id = Bithumm_pjhara Body = dKm7MfwWdRxhyDE45JzLBQ==
[2024-12-06 18:22:53] [CoinAutoTradeServer] Response : Type = 1 Code = 0 Body = {}
[2024-12-06 18:22:59] [CoinAutoTradeServer] Request : Type = 1 Id = Bithumm_pjhara Body = dKm7MfwWdRxhyDE45JzLBQ==
[2024-12-06 18:22:59] [CoinAutoTradeServer] Response : Type = 1 Code = 0 Body = {}
[2024-12-06 18:23:13] [CoinAutoTradeServer] Request : Type = 4 Id = Bithumm_pjhara Body = dqMA+8zQ71ajfWukl0zPL4KtUoP7oORNjrWI2IFrJNT2GlF6oeZ1n2sev36+qm2QBAcdzNl6QixQRw3vVfQ14eW6oQ5MoI2i4ZhRiXD4V04TXdL4fiiZBYpiGKZvR3dCJd6S7ocJQb4ohVKTvvsrNMVXcy4tNTi9wufB2egkC81hJ6KZc7dZKCMWT9E6HtMn57VoP4i+PLGOfu/guxkns3cahzgFQ9dQlJ+QZcGHA6eyX0F8UOn0JWtzBnpuZBsA69lDkz4Tm8wCupqZpH5SEg==
[2024-12-06 18:23:13] [CoinAutoTradeServer] Response : Type = 4 Code = 0 Body = {}
[2024-12-06 18:23:13] [CoinAutoTradeServer] Request : Type = 1 Id = Bithumm_pjhara Body = dKm7MfwWdRxhyDE45JzLBQ==
[2024-12-06 18:23:13] [CoinAutoTradeServer] Response : Type = 1 Code = 0 Body = {}
[2024-12-06 18:23:16] [CoinAutoTradeServer] Request : Type = 1 Id = Bithumm_pjhara Body = dKm7MfwWdRxhyDE45JzLBQ==
[2024-12-06 18:23:16] [CoinAutoTradeServer] Response : Type = 1 Code = 0 Body = {}
[2024-12-06 18:23:17] [CoinAutoTradeServer] Request : Type = 4 Id = Bithumm_pjhara Body = CceRKHemp0taMSgUekRPi1vPv1tZzsXSN6K/KGwW/r8=
[2024-12-06 18:23:17] [CoinAutoTradeServer] Response : Type = 4 Code = 1001 Body = null
[2024-12-06 18:23:17] [CoinAutoTradeServer] Request : Type = 1 Id = Bithumm_pjhara Body = dKm7MfwWdRxhyDE45JzLBQ==
[2024-12-06 18:23:17] [CoinAutoTradeServer] Response : Type = 1 Code = 0 Body = {}
