[2024-12-07 23:43:51] [CoinAutoTradeServer] Request : Type = 0 Id = Bithumm_pjhara Body = {}
[2024-12-07 23:43:51] [CoinAutoTradeServer] Response : Type = 0 Code = 0 Body = {"Key":"638692118314943302_Bf7OB7BBl98Q2KdW"}
[2024-12-07 23:43:51] [CoinAutoTradeServer] Request : Type = 1 Id = Bithumm_pjhara Body = KcI3OuQcq5NB2dE0YHFVvw==
[2024-12-07 23:43:51] [CoinAutoTradeServer] Response : Type = 1 Code = 0 Body = {}
[2024-12-07 23:43:55] [CoinAutoTradeServer] Request : Type = 1 Id = Bithumm_pjhara Body = KcI3OuQcq5NB2dE0YHFVvw==
[2024-12-07 23:43:55] [CoinAutoTradeServer] Response : Type = 1 Code = 0 Body = {}
[2024-12-07 23:44:23] [CoinAutoTradeServer] Request : Type = 4 Id = Bithumm_pjhara Body = AR5l+Q5Kdghb9vYkO/3wsSnaspx6P+cDRv1Sb26at6P6muADw1kkUi/a4hH1ndQIsgAYNa6EwhMc5XaNQhJLDXkqEKorXbB4R8auV3SLHViLCec/xrhseSEFDI+JJlc34rBTY7XhJJa8lLWd/p3uPBqZ7ak4D10ypLxJLS8Wx11afy/zjBC4rhNNMDrIddmPnN2yb3IUWZnY017RULCY1sKNxZ8lkfHlVth0GmIclUJc1Bcl299sJZ5XJ+YLrsS4SUPGkPV+MMb3kjSuRoAxgg==
[2024-12-07 23:44:23] [CoinAutoTradeServer] Response : Type = 4 Code = 0 Body = {}
[2024-12-07 23:44:25] [CoinAutoTradeServer] Request : Type = 1 Id = Bithumm_pjhara Body = KcI3OuQcq5NB2dE0YHFVvw==
[2024-12-07 23:44:25] [CoinAutoTradeServer] Response : Type = 1 Code = 0 Body = {}
[2024-12-07 23:44:28] [CoinAutoTradeServer] Request : Type = 1 Id = Bithumm_pjhara Body = KcI3OuQcq5NB2dE0YHFVvw==
[2024-12-07 23:44:28] [CoinAutoTradeServer] Response : Type = 1 Code = 0 Body = {}
[2024-12-07 23:44:28] [CoinAutoTradeServer] Request : Type = 2 Id = Bithumm_pjhara Body = KcI3OuQcq5NB2dE0YHFVvw==
[2024-12-07 23:44:28] [CoinAutoTradeServer] Response : Type = 2 Code = 0 Body = {"CoinTradeDataList":[{"Symbol":"XPLA","MarketCode":"KRW-XPLA","InvestTotalAmount":500000,"MaxLossRate":1,"InvestRoundAmount":5000,"InitBuyPrice":-1,"MaxSellPrice":-1,"RoundBuyRate":11,"RoundSellRate":8}]}
[2024-12-07 23:44:32] [CoinAutoTradeServer] Request : Type = 1 Id = Bithumm_pjhara Body = KcI3OuQcq5NB2dE0YHFVvw==
[2024-12-07 23:44:32] [CoinAutoTradeServer] Response : Type = 1 Code = 0 Body = {}
[2024-12-07 23:44:34] [CoinAutoTradeServer] Request : Type = 1 Id = Bithumm_pjhara Body = KcI3OuQcq5NB2dE0YHFVvw==
[2024-12-07 23:44:34] [CoinAutoTradeServer] Response : Type = 1 Code = 0 Body = {}
[2024-12-07 23:44:52] [CoinAutoTradeServer] Request : Type = 4 Id = Bithumm_pjhara Body = AR5l+Q5Kdghb9vYkO/3wsSnaspx6P+cDRv1Sb26at6P6muADw1kkUi/a4hH1ndQIsgAYNa6EwhMc5XaNQhJLDXkqEKorXbB4R8auV3SLHViLCec/xrhseSEFDI+JJlc34rBTY7XhJJa8lLWd/p3uPIScTnmrxKkX+fCKEVGieBxv04MdqRla53B9n7eI4gEBbrdezeypm2pkRh1SlyTvdMQT3G8ZJHfoMcJdxC/+V8Cpq/V30vgiXQwcoNhHSBGJ7Nm+pTxW1zty+0VUdUbDRw==
[2024-12-07 23:44:52] [CoinAutoTradeServer] Response : Type = 4 Code = 0 Body = {}
[2024-12-07 23:44:53] [CoinAutoTradeServer] Request : Type = 1 Id = Bithumm_pjhara Body = KcI3OuQcq5NB2dE0YHFVvw==
[2024-12-07 23:44:53] [CoinAutoTradeServer] Response : Type = 1 Code = 0 Body = {}
[2024-12-07 23:44:54] [CoinAutoTradeServer] Request : Type = 1 Id = Bithumm_pjhara Body = KcI3OuQcq5NB2dE0YHFVvw==
[2024-12-07 23:44:54] [CoinAutoTradeServer] Response : Type = 1 Code = 0 Body = {}
[2024-12-07 23:44:54] [CoinAutoTradeServer] Request : Type = 2 Id = Bithumm_pjhara Body = KcI3OuQcq5NB2dE0YHFVvw==
[2024-12-07 23:44:54] [CoinAutoTradeServer] Response : Type = 2 Code = 0 Body = {"CoinTradeDataList":[{"Symbol":"XPLA","MarketCode":"KRW-XPLA","InvestTotalAmount":500000,"MaxLossRate":1,"InvestRoundAmount":50000,"InitBuyPrice":-1,"MaxSellPrice":-1,"RoundBuyRate":11,"RoundSellRate":8}]}
[2024-12-07 23:45:02] [CoinAutoTradeServer] Request : Type = 1 Id = Bithumm_pjhara Body = KcI3OuQcq5NB2dE0YHFVvw==
[2024-12-07 23:45:02] [CoinAutoTradeServer] Response : Type = 1 Code = 0 Body = {}
[2024-12-07 23:45:07] [CoinAutoTradeServer] Request : Type = 1 Id = Bithumm_pjhara Body = KcI3OuQcq5NB2dE0YHFVvw==
[2024-12-07 23:45:07] [CoinAutoTradeServer] Response : Type = 1 Code = 0 Body = {}
[2024-12-07 23:45:09] [CoinAutoTradeServer] Request : Type = 5 Id = Bithumm_pjhara Body = 6g8AHKYN/wmxjHIKPByIO7gJcH7sasSX8fqusn9Pb34=
[2024-12-07 23:45:09] [CoinAutoTradeServer] Response : Type = 5 Code = 0 Body = {"CoinTradeData":{"Symbol":"XPLA","MarketCode":"KRW-XPLA","InvestTotalAmount":500000,"MaxLossRate":1,"InvestRoundAmount":50000,"InitBuyPrice":-1,"MaxSellPrice":-1,"RoundBuyRate":11,"RoundSellRate":8}}
